<?xml version="1.0" encoding="UTF-8"?>
<!-- Generated by org.testng.reporters.JUnitReportReporter -->
<testsuite skipped="0" hostname="aariatech-PC" name="kiran.sai.test" tests="2" failures="0" timestamp="24 Nov 2017 11:47:05 GMT" time="125.990" errors="0">
  <testcase name="repo" time="84.790" classname="kiran.sai.test"/>
  <testcase name="vrepo" time="41.200" classname="kiran.sai.test"/>
</testsuite> <!-- kiran.sai.test -->
